Flow report for LAB6_Part1
Thu Jul 22 04:38:24 2021
Quartus Prime Version 19.1.0 Build 670 09/22/2019 SJ Lite Edition


---------------------
; Table of Contents ;
---------------------
  1. Legal Notice
  2. Flow Summary
  3. Flow Settings
  4. Flow Non-Default Global Settings
  5. Flow Elapsed Time
  6. Flow OS Summary
  7. Flow Log
  8. Flow Messages
  9. Flow Suppressed Messages



----------------
; Legal Notice ;
----------------
Copyright (C) 2019  Intel Corporation. All rights reserved.
Your use of Intel Corporation's design tools, logic functions 
and other software and tools, and any partner logic 
functions, and any output files from any of the foregoing 
(including device programming or simulation files), and any 
associated documentation or information are expressly subject 
to the terms and conditions of the Intel Program License 
Subscription Agreement, the Intel Quartus Prime License Agreement,
the Intel FPGA IP License Agreement, or other applicable license
agreement, including, without limitation, that your use is for
the sole purpose of programming logic devices manufactured by
Intel and sold by Intel or its authorized distributors.  Please
refer to the applicable agreement for further details, at
https://fpgasoftware.intel.com/eula.



+----------------------------------------------------------------------------------+
; Flow Summary                                                                     ;
+------------------------------------+---------------------------------------------+
; Flow Status                        ; Successful - Thu Jul 22 04:38:24 2021       ;
; Quartus Prime Version              ; 19.1.0 Build 670 09/22/2019 SJ Lite Edition ;
; Revision Name                      ; LAB6_Part1                                  ;
; Top-level Entity Name              ; LAB6_Part1                                  ;
; Family                             ; MAX 10                                      ;
; Device                             ; 10M04SCU169C8G                              ;
; Timing Models                      ; Final                                       ;
; Total logic elements               ; 40 / 4,032 ( < 1 % )                        ;
;     Total combinational functions  ; 35 / 4,032 ( < 1 % )                        ;
;     Dedicated logic registers      ; 11 / 4,032 ( < 1 % )                        ;
; Total registers                    ; 11                                          ;
; Total pins                         ; 19 / 130 ( 15 % )                           ;
; Total virtual pins                 ; 0                                           ;
; Total memory bits                  ; 0 / 193,536 ( 0 % )                         ;
; Embedded Multiplier 9-bit elements ; 0 / 40 ( 0 % )                              ;
; Total PLLs                         ; 0 / 1 ( 0 % )                               ;
; UFM blocks                         ; 0 / 1 ( 0 % )                               ;
; ADC blocks                         ; 0                                           ;
+------------------------------------+---------------------------------------------+


+-----------------------------------------+
; Flow Settings                           ;
+-------------------+---------------------+
; Option            ; Setting             ;
+-------------------+---------------------+
; Start date & time ; 07/22/2021 04:33:07 ;
; Main task         ; Compilation         ;
; Revision Name     ; LAB6_Part1          ;
+-------------------+---------------------+


+-------------------------------------------------------------------------------------------------------------------------+
; Flow Non-Default Global Settings                                                                                        ;
+-------------------------------------+----------------------------------------+---------------+-------------+------------+
; Assignment Name                     ; Value                                  ; Default Value ; Entity Name ; Section Id ;
+-------------------------------------+----------------------------------------+---------------+-------------+------------+
; COMPILER_SIGNATURE_ID               ; 53447169660443.162694278616968         ; --            ; --          ; --         ;
; MAX_CORE_JUNCTION_TEMP              ; 85                                     ; --            ; --          ; --         ;
; MIN_CORE_JUNCTION_TEMP              ; 0                                      ; --            ; --          ; --         ;
; PARTITION_COLOR                     ; -- (Not supported for targeted family) ; --            ; --          ; Top        ;
; PARTITION_FITTER_PRESERVATION_LEVEL ; -- (Not supported for targeted family) ; --            ; --          ; Top        ;
; PARTITION_NETLIST_TYPE              ; -- (Not supported for targeted family) ; --            ; --          ; Top        ;
; PROJECT_OUTPUT_DIRECTORY            ; output_files                           ; --            ; --          ; --         ;
+-------------------------------------+----------------------------------------+---------------+-------------+------------+


+--------------------------------------------------------------------------------------------------------------------------+
; Flow Elapsed Time                                                                                                        ;
+----------------------+--------------+-------------------------+---------------------+------------------------------------+
; Module Name          ; Elapsed Time ; Average Processors Used ; Peak Virtual Memory ; Total CPU Time (on all processors) ;
+----------------------+--------------+-------------------------+---------------------+------------------------------------+
; Analysis & Synthesis ; 00:00:12     ; 1.0                     ; 4801 MB             ; 00:00:30                           ;
; Fitter               ; 00:00:07     ; 1.0                     ; 5684 MB             ; 00:00:09                           ;
; Assembler            ; 00:00:02     ; 1.0                     ; 4683 MB             ; 00:00:02                           ;
; Power Analyzer       ; 00:00:03     ; 1.0                     ; 4846 MB             ; 00:00:02                           ;
; Timing Analyzer      ; 00:00:04     ; 1.0                     ; 4809 MB             ; 00:00:03                           ;
; EDA Netlist Writer   ; 00:00:00     ; 1.0                     ; 4628 MB             ; 00:00:01                           ;
; EDA Netlist Writer   ; 00:00:01     ; 1.0                     ; 4636 MB             ; 00:00:01                           ;
; EDA Netlist Writer   ; 00:00:01     ; 1.0                     ; 4628 MB             ; 00:00:01                           ;
; EDA Netlist Writer   ; 00:00:00     ; 1.0                     ; 4636 MB             ; 00:00:01                           ;
; EDA Netlist Writer   ; 00:00:01     ; 1.0                     ; 4628 MB             ; 00:00:01                           ;
; EDA Netlist Writer   ; 00:00:01     ; 1.0                     ; 4636 MB             ; 00:00:01                           ;
; EDA Netlist Writer   ; 00:00:01     ; 1.0                     ; 4628 MB             ; 00:00:01                           ;
; EDA Netlist Writer   ; 00:00:01     ; 1.0                     ; 4636 MB             ; 00:00:01                           ;
; EDA Netlist Writer   ; 00:00:00     ; 1.0                     ; 4628 MB             ; 00:00:01                           ;
; EDA Netlist Writer   ; 00:00:01     ; 1.0                     ; 4636 MB             ; 00:00:01                           ;
; EDA Netlist Writer   ; 00:00:01     ; 1.0                     ; 4628 MB             ; 00:00:01                           ;
; EDA Netlist Writer   ; 00:00:01     ; 1.0                     ; 4636 MB             ; 00:00:01                           ;
; Total                ; 00:00:37     ; --                      ; --                  ; 00:00:58                           ;
+----------------------+--------------+-------------------------+---------------------+------------------------------------+


+------------------------------------------------------------------------------------+
; Flow OS Summary                                                                    ;
+----------------------+------------------+------------+------------+----------------+
; Module Name          ; Machine Hostname ; OS Name    ; OS Version ; Processor type ;
+----------------------+------------------+------------+------------+----------------+
; Analysis & Synthesis ; MSI              ; Windows 10 ; 10.0       ; x86_64         ;
; Fitter               ; MSI              ; Windows 10 ; 10.0       ; x86_64         ;
; Assembler            ; MSI              ; Windows 10 ; 10.0       ; x86_64         ;
; Power Analyzer       ; MSI              ; Windows 10 ; 10.0       ; x86_64         ;
; Timing Analyzer      ; MSI              ; Windows 10 ; 10.0       ; x86_64         ;
; EDA Netlist Writer   ; MSI              ; Windows 10 ; 10.0       ; x86_64         ;
; EDA Netlist Writer   ; MSI              ; Windows 10 ; 10.0       ; x86_64         ;
; EDA Netlist Writer   ; MSI              ; Windows 10 ; 10.0       ; x86_64         ;
; EDA Netlist Writer   ; MSI              ; Windows 10 ; 10.0       ; x86_64         ;
; EDA Netlist Writer   ; MSI              ; Windows 10 ; 10.0       ; x86_64         ;
; EDA Netlist Writer   ; MSI              ; Windows 10 ; 10.0       ; x86_64         ;
; EDA Netlist Writer   ; MSI              ; Windows 10 ; 10.0       ; x86_64         ;
; EDA Netlist Writer   ; MSI              ; Windows 10 ; 10.0       ; x86_64         ;
; EDA Netlist Writer   ; MSI              ; Windows 10 ; 10.0       ; x86_64         ;
; EDA Netlist Writer   ; MSI              ; Windows 10 ; 10.0       ; x86_64         ;
; EDA Netlist Writer   ; MSI              ; Windows 10 ; 10.0       ; x86_64         ;
; EDA Netlist Writer   ; MSI              ; Windows 10 ; 10.0       ; x86_64         ;
+----------------------+------------------+------------+------------+----------------+


------------
; Flow Log ;
------------
quartus_map --read_settings_files=on --write_settings_files=off LAB6_Part1 -c LAB6_Part1
quartus_fit --read_settings_files=off --write_settings_files=off LAB6_Part1 -c LAB6_Part1
quartus_asm --read_settings_files=off --write_settings_files=off LAB6_Part1 -c LAB6_Part1
quartus_pow --read_settings_files=off --write_settings_files=off LAB6_Part1 -c LAB6_Part1
quartus_sta LAB6_Part1 -c LAB6_Part1
quartus_eda --gen_testbench --tool=modelsim_oem --format=vhdl --write_settings_files=off LAB6_Part1 -c LAB6_Part1 --vector_source="C:/Users/Garett Bowman/Dropbox/quartus proj/Lab6/Part1/LAB6_Part1_restored/Waveform.vwf" --testbench_file="C:/Users/Garett Bowman/Dropbox/quartus proj/Lab6/Part1/LAB6_Part1_restored/simulation/qsim/Waveform.vwf.vht"
quartus_eda --write_settings_files=off --simulation=on --functional=on --flatten_buses=off --tool=modelsim_oem --format=vhdl --output_directory="C:/Users/Garett Bowman/Dropbox/quartus proj/Lab6/Part1/LAB6_Part1_restored/simulation/qsim/" LAB6_Part1 -c LAB6_Part1
quartus_eda --gen_testbench --tool=modelsim_oem --format=vhdl --write_settings_files=off LAB6_Part1 -c LAB6_Part1 --vector_source="C:/Users/Garett Bowman/Dropbox/quartus proj/Lab6/Part1/LAB6_Part1_restored/Waveform.vwf" --testbench_file="C:/Users/Garett Bowman/Dropbox/quartus proj/Lab6/Part1/LAB6_Part1_restored/simulation/qsim/Waveform.vwf.vht"
quartus_eda --write_settings_files=off --simulation=on --functional=on --flatten_buses=off --tool=modelsim_oem --format=vhdl --output_directory="C:/Users/Garett Bowman/Dropbox/quartus proj/Lab6/Part1/LAB6_Part1_restored/simulation/qsim/" LAB6_Part1 -c LAB6_Part1
quartus_eda --gen_testbench --tool=modelsim_oem --format=vhdl --write_settings_files=off LAB6_Part1 -c LAB6_Part1 --vector_source="C:/Users/Garett Bowman/Dropbox/quartus proj/Lab6/Part1/LAB6_Part1_restored/Waveform.vwf" --testbench_file="C:/Users/Garett Bowman/Dropbox/quartus proj/Lab6/Part1/LAB6_Part1_restored/simulation/qsim/Waveform.vwf.vht"
quartus_eda --write_settings_files=off --simulation=on --functional=on --flatten_buses=off --tool=modelsim_oem --format=vhdl --output_directory="C:/Users/Garett Bowman/Dropbox/quartus proj/Lab6/Part1/LAB6_Part1_restored/simulation/qsim/" LAB6_Part1 -c LAB6_Part1
quartus_eda --gen_testbench --tool=modelsim_oem --format=vhdl --write_settings_files=off LAB6_Part1 -c LAB6_Part1 --vector_source="C:/Users/Garett Bowman/Dropbox/quartus proj/Lab6/Part1/LAB6_Part1_restored/Waveform.vwf" --testbench_file="C:/Users/Garett Bowman/Dropbox/quartus proj/Lab6/Part1/LAB6_Part1_restored/simulation/qsim/Waveform.vwf.vht"
quartus_eda --write_settings_files=off --simulation=on --functional=on --flatten_buses=off --tool=modelsim_oem --format=vhdl --output_directory="C:/Users/Garett Bowman/Dropbox/quartus proj/Lab6/Part1/LAB6_Part1_restored/simulation/qsim/" LAB6_Part1 -c LAB6_Part1
quartus_eda --gen_testbench --tool=modelsim_oem --format=vhdl --write_settings_files=off LAB6_Part1 -c LAB6_Part1 --vector_source="C:/Users/Garett Bowman/Dropbox/quartus proj/Lab6/Part1/LAB6_Part1_restored/Waveform2.vwf" --testbench_file="C:/Users/Garett Bowman/Dropbox/quartus proj/Lab6/Part1/LAB6_Part1_restored/simulation/qsim/Waveform2.vwf.vht"
quartus_eda --write_settings_files=off --simulation=on --functional=on --flatten_buses=off --tool=modelsim_oem --format=vhdl --output_directory="C:/Users/Garett Bowman/Dropbox/quartus proj/Lab6/Part1/LAB6_Part1_restored/simulation/qsim/" LAB6_Part1 -c LAB6_Part1
quartus_eda --gen_testbench --tool=modelsim_oem --format=vhdl --write_settings_files=off LAB6_Part1 -c LAB6_Part1 --vector_source="C:/Users/Garett Bowman/Dropbox/quartus proj/Lab6/Part1/LAB6_Part1_restored/Waveform2.vwf" --testbench_file="C:/Users/Garett Bowman/Dropbox/quartus proj/Lab6/Part1/LAB6_Part1_restored/simulation/qsim/Waveform2.vwf.vht"
quartus_eda --write_settings_files=off --simulation=on --functional=on --flatten_buses=off --tool=modelsim_oem --format=vhdl --output_directory="C:/Users/Garett Bowman/Dropbox/quartus proj/Lab6/Part1/LAB6_Part1_restored/simulation/qsim/" LAB6_Part1 -c LAB6_Part1



