Flow report for CompCreation
Wed Jul 21 03:11:14 2021
Quartus Prime Version 19.1.0 Build 670 09/22/2019 SJ Lite Edition


---------------------
; Table of Contents ;
---------------------
  1. Legal Notice
  2. Flow Summary
  3. Flow Settings
  4. Flow Non-Default Global Settings
  5. Flow Elapsed Time
  6. Flow OS Summary
  7. Flow Log
  8. Flow Messages
  9. Flow Suppressed Messages



----------------
; Legal Notice ;
----------------
Copyright (C) 2019  Intel Corporation. All rights reserved.
Your use of Intel Corporation's design tools, logic functions 
and other software and tools, and any partner logic 
functions, and any output files from any of the foregoing 
(including device programming or simulation files), and any 
associated documentation or information are expressly subject 
to the terms and conditions of the Intel Program License 
Subscription Agreement, the Intel Quartus Prime License Agreement,
the Intel FPGA IP License Agreement, or other applicable license
agreement, including, without limitation, that your use is for
the sole purpose of programming logic devices manufactured by
Intel and sold by Intel or its authorized distributors.  Please
refer to the applicable agreement for further details, at
https://fpgasoftware.intel.com/eula.



+----------------------------------------------------------------------------------+
; Flow Summary                                                                     ;
+------------------------------------+---------------------------------------------+
; Flow Status                        ; Successful - Wed Jul 21 03:11:06 2021       ;
; Quartus Prime Version              ; 19.1.0 Build 670 09/22/2019 SJ Lite Edition ;
; Revision Name                      ; CompCreation                                ;
; Top-level Entity Name              ; Lab5_DFF_Traf_Cont                          ;
; Family                             ; MAX 10                                      ;
; Device                             ; 10M02SCU169C8G                              ;
; Timing Models                      ; Final                                       ;
; Total logic elements               ; 19 / 2,304 ( < 1 % )                        ;
;     Total combinational functions  ; 19 / 2,304 ( < 1 % )                        ;
;     Dedicated logic registers      ; 4 / 2,304 ( < 1 % )                         ;
; Total registers                    ; 4                                           ;
; Total pins                         ; 12 / 130 ( 9 % )                            ;
; Total virtual pins                 ; 0                                           ;
; Total memory bits                  ; 0 / 110,592 ( 0 % )                         ;
; Embedded Multiplier 9-bit elements ; 0 / 32 ( 0 % )                              ;
; Total PLLs                         ; 0 / 1 ( 0 % )                               ;
; UFM blocks                         ; 0 / 1 ( 0 % )                               ;
; ADC blocks                         ; 0                                           ;
+------------------------------------+---------------------------------------------+


+-----------------------------------------+
; Flow Settings                           ;
+-------------------+---------------------+
; Option            ; Setting             ;
+-------------------+---------------------+
; Start date & time ; 07/21/2021 03:10:20 ;
; Main task         ; Compilation         ;
; Revision Name     ; CompCreation        ;
+-------------------+---------------------+


+--------------------------------------------------------------------------------------------------------------------------------+
; Flow Non-Default Global Settings                                                                                               ;
+-------------------------------------+----------------------------------------+---------------+--------------------+------------+
; Assignment Name                     ; Value                                  ; Default Value ; Entity Name        ; Section Id ;
+-------------------------------------+----------------------------------------+---------------+--------------------+------------+
; COMPILER_SIGNATURE_ID               ; 53447169660443.162685142026488         ; --            ; --                 ; --         ;
; FLOW_ENABLE_POWER_ANALYZER          ; On                                     ; Off           ; --                 ; --         ;
; MAX_CORE_JUNCTION_TEMP              ; 85                                     ; --            ; --                 ; --         ;
; MIN_CORE_JUNCTION_TEMP              ; 0                                      ; --            ; --                 ; --         ;
; OUTPUT_IO_TIMING_FAR_END_VMEAS      ; Half Signal Swing                      ; --            ; --                 ; --         ;
; OUTPUT_IO_TIMING_FAR_END_VMEAS      ; Half Signal Swing                      ; --            ; --                 ; --         ;
; OUTPUT_IO_TIMING_NEAR_END_VMEAS     ; Half Vccio                             ; --            ; --                 ; --         ;
; OUTPUT_IO_TIMING_NEAR_END_VMEAS     ; Half Vccio                             ; --            ; --                 ; --         ;
; PARTITION_COLOR                     ; -- (Not supported for targeted family) ; --            ; Lab5_DFF_Traf_Cont ; Top        ;
; PARTITION_FITTER_PRESERVATION_LEVEL ; -- (Not supported for targeted family) ; --            ; Lab5_DFF_Traf_Cont ; Top        ;
; PARTITION_NETLIST_TYPE              ; -- (Not supported for targeted family) ; --            ; Lab5_DFF_Traf_Cont ; Top        ;
; POWER_BOARD_THERMAL_MODEL           ; None (CONSERVATIVE)                    ; --            ; --                 ; --         ;
; POWER_DEFAULT_INPUT_IO_TOGGLE_RATE  ; 12.5 %                                 ; 12.5%         ; --                 ; --         ;
; POWER_PRESET_COOLING_SOLUTION       ; 23 MM HEAT SINK WITH 200 LFPM AIRFLOW  ; --            ; --                 ; --         ;
; PROJECT_OUTPUT_DIRECTORY            ; output_files                           ; --            ; --                 ; --         ;
; TOP_LEVEL_ENTITY                    ; Lab5_DFF_Traf_Cont                     ; CompCreation  ; --                 ; --         ;
+-------------------------------------+----------------------------------------+---------------+--------------------+------------+


+--------------------------------------------------------------------------------------------------------------------------+
; Flow Elapsed Time                                                                                                        ;
+----------------------+--------------+-------------------------+---------------------+------------------------------------+
; Module Name          ; Elapsed Time ; Average Processors Used ; Peak Virtual Memory ; Total CPU Time (on all processors) ;
+----------------------+--------------+-------------------------+---------------------+------------------------------------+
; Analysis & Synthesis ; 00:00:14     ; 1.0                     ; 4806 MB             ; 00:00:34                           ;
; Fitter               ; 00:00:13     ; 1.0                     ; 5667 MB             ; 00:00:12                           ;
; Assembler            ; 00:00:01     ; 1.0                     ; 4680 MB             ; 00:00:01                           ;
; Power Analyzer       ; 00:00:13     ; 1.0                     ; 4841 MB             ; 00:00:13                           ;
; Timing Analyzer      ; 00:00:06     ; 1.0                     ; 4796 MB             ; 00:00:06                           ;
; Total                ; 00:00:47     ; --                      ; --                  ; 00:01:06                           ;
+----------------------+--------------+-------------------------+---------------------+------------------------------------+


+------------------------------------------------------------------------------------+
; Flow OS Summary                                                                    ;
+----------------------+------------------+------------+------------+----------------+
; Module Name          ; Machine Hostname ; OS Name    ; OS Version ; Processor type ;
+----------------------+------------------+------------+------------+----------------+
; Analysis & Synthesis ; MSI              ; Windows 10 ; 10.0       ; x86_64         ;
; Fitter               ; MSI              ; Windows 10 ; 10.0       ; x86_64         ;
; Assembler            ; MSI              ; Windows 10 ; 10.0       ; x86_64         ;
; Power Analyzer       ; MSI              ; Windows 10 ; 10.0       ; x86_64         ;
; Timing Analyzer      ; MSI              ; Windows 10 ; 10.0       ; x86_64         ;
+----------------------+------------------+------------+------------+----------------+


------------
; Flow Log ;
------------
quartus_map --read_settings_files=on --write_settings_files=off Lab5_DFF_Traff_Cont -c CompCreation
quartus_fit --read_settings_files=off --write_settings_files=off Lab5_DFF_Traff_Cont -c CompCreation
quartus_asm --read_settings_files=off --write_settings_files=off Lab5_DFF_Traff_Cont -c CompCreation
quartus_pow --read_settings_files=off --write_settings_files=off Lab5_DFF_Traff_Cont -c CompCreation
quartus_sta Lab5_DFF_Traff_Cont -c CompCreation



