Flow report for LAB6_Part2
Fri Jul 23 15:31:55 2021
Quartus Prime Version 19.1.0 Build 670 09/22/2019 SJ Lite Edition


---------------------
; Table of Contents ;
---------------------
  1. Legal Notice
  2. Flow Summary
  3. Flow Settings
  4. Flow Non-Default Global Settings
  5. Flow Elapsed Time
  6. Flow OS Summary
  7. Flow Log
  8. Flow Messages
  9. Flow Suppressed Messages



----------------
; Legal Notice ;
----------------
Copyright (C) 2019  Intel Corporation. All rights reserved.
Your use of Intel Corporation's design tools, logic functions 
and other software and tools, and any partner logic 
functions, and any output files from any of the foregoing 
(including device programming or simulation files), and any 
associated documentation or information are expressly subject 
to the terms and conditions of the Intel Program License 
Subscription Agreement, the Intel Quartus Prime License Agreement,
the Intel FPGA IP License Agreement, or other applicable license
agreement, including, without limitation, that your use is for
the sole purpose of programming logic devices manufactured by
Intel and sold by Intel or its authorized distributors.  Please
refer to the applicable agreement for further details, at
https://fpgasoftware.intel.com/eula.



+-------------------------------------------------------------------------------+
; Flow Summary                                                                  ;
+---------------------------------+---------------------------------------------+
; Flow Status                     ; Successful - Fri Jul 23 15:31:55 2021       ;
; Quartus Prime Version           ; 19.1.0 Build 670 09/22/2019 SJ Lite Edition ;
; Revision Name                   ; LAB6_Part2                                  ;
; Top-level Entity Name           ; LAB6_Part2                                  ;
; Family                          ; Cyclone V                                   ;
; Device                          ; 5CSXFC6D6F31I7ES                            ;
; Timing Models                   ; Preliminary                                 ;
; Logic utilization (in ALMs)     ; 32 / 41,910 ( < 1 % )                       ;
; Total registers                 ; 19                                          ;
; Total pins                      ; 32 / 499 ( 6 % )                            ;
; Total virtual pins              ; 0                                           ;
; Total block memory bits         ; 64 / 5,662,720 ( < 1 % )                    ;
; Total DSP Blocks                ; 0 / 112 ( 0 % )                             ;
; Total HSSI RX PCSs              ; 0 / 9 ( 0 % )                               ;
; Total HSSI PMA RX Deserializers ; 0 / 9 ( 0 % )                               ;
; Total HSSI TX PCSs              ; 0 / 9 ( 0 % )                               ;
; Total HSSI PMA TX Serializers   ; 0 / 9 ( 0 % )                               ;
; Total PLLs                      ; 0 / 15 ( 0 % )                              ;
; Total DLLs                      ; 0 / 4 ( 0 % )                               ;
+---------------------------------+---------------------------------------------+


+-----------------------------------------+
; Flow Settings                           ;
+-------------------+---------------------+
; Option            ; Setting             ;
+-------------------+---------------------+
; Start date & time ; 07/23/2021 14:25:34 ;
; Main task         ; Compilation         ;
; Revision Name     ; LAB6_Part2          ;
+-------------------+---------------------+


+-------------------------------------------------------------------------------------------------------------------------+
; Flow Non-Default Global Settings                                                                                        ;
+-------------------------------------+----------------------------------------+---------------+-------------+------------+
; Assignment Name                     ; Value                                  ; Default Value ; Entity Name ; Section Id ;
+-------------------------------------+----------------------------------------+---------------+-------------+------------+
; COMPILER_SIGNATURE_ID               ; 53447169660443.162706473401340         ; --            ; --          ; --         ;
; MAX_CORE_JUNCTION_TEMP              ; 100                                    ; --            ; --          ; --         ;
; MIN_CORE_JUNCTION_TEMP              ; -40                                    ; --            ; --          ; --         ;
; MISC_FILE                           ; ROM1.bsf                               ; --            ; --          ; --         ;
; MISC_FILE                           ; ROM1.cmp                               ; --            ; --          ; --         ;
; PARTITION_COLOR                     ; -- (Not supported for targeted family) ; --            ; --          ; Top        ;
; PARTITION_FITTER_PRESERVATION_LEVEL ; -- (Not supported for targeted family) ; --            ; --          ; Top        ;
; PARTITION_NETLIST_TYPE              ; -- (Not supported for targeted family) ; --            ; --          ; Top        ;
; PROJECT_OUTPUT_DIRECTORY            ; output_files                           ; --            ; --          ; --         ;
+-------------------------------------+----------------------------------------+---------------+-------------+------------+


+--------------------------------------------------------------------------------------------------------------------------+
; Flow Elapsed Time                                                                                                        ;
+----------------------+--------------+-------------------------+---------------------+------------------------------------+
; Module Name          ; Elapsed Time ; Average Processors Used ; Peak Virtual Memory ; Total CPU Time (on all processors) ;
+----------------------+--------------+-------------------------+---------------------+------------------------------------+
; Analysis & Synthesis ; 00:00:13     ; 1.0                     ; 4877 MB             ; 00:00:27                           ;
; Fitter               ; 00:00:59     ; 1.0                     ; 6885 MB             ; 00:02:13                           ;
; Assembler            ; 00:00:11     ; 1.0                     ; 4840 MB             ; 00:00:07                           ;
; Timing Analyzer      ; 00:00:11     ; 1.1                     ; 5245 MB             ; 00:00:08                           ;
; EDA Netlist Writer   ; 00:00:01     ; 1.0                     ; 4716 MB             ; 00:00:01                           ;
; EDA Netlist Writer   ; 00:00:01     ; 1.0                     ; 4724 MB             ; 00:00:01                           ;
; EDA Netlist Writer   ; 00:00:01     ; 1.0                     ; 4716 MB             ; 00:00:01                           ;
; EDA Netlist Writer   ; 00:00:01     ; 1.0                     ; 4724 MB             ; 00:00:01                           ;
; EDA Netlist Writer   ; 00:00:02     ; 1.0                     ; 4716 MB             ; 00:00:02                           ;
; EDA Netlist Writer   ; 00:00:01     ; 1.0                     ; 4724 MB             ; 00:00:02                           ;
; Total                ; 00:01:41     ; --                      ; --                  ; 00:03:03                           ;
+----------------------+--------------+-------------------------+---------------------+------------------------------------+


+------------------------------------------------------------------------------------+
; Flow OS Summary                                                                    ;
+----------------------+------------------+------------+------------+----------------+
; Module Name          ; Machine Hostname ; OS Name    ; OS Version ; Processor type ;
+----------------------+------------------+------------+------------+----------------+
; Analysis & Synthesis ; MSI              ; Windows 10 ; 10.0       ; x86_64         ;
; Fitter               ; MSI              ; Windows 10 ; 10.0       ; x86_64         ;
; Assembler            ; MSI              ; Windows 10 ; 10.0       ; x86_64         ;
; Timing Analyzer      ; MSI              ; Windows 10 ; 10.0       ; x86_64         ;
; EDA Netlist Writer   ; MSI              ; Windows 10 ; 10.0       ; x86_64         ;
; EDA Netlist Writer   ; MSI              ; Windows 10 ; 10.0       ; x86_64         ;
; EDA Netlist Writer   ; MSI              ; Windows 10 ; 10.0       ; x86_64         ;
; EDA Netlist Writer   ; MSI              ; Windows 10 ; 10.0       ; x86_64         ;
; EDA Netlist Writer   ; MSI              ; Windows 10 ; 10.0       ; x86_64         ;
; EDA Netlist Writer   ; MSI              ; Windows 10 ; 10.0       ; x86_64         ;
+----------------------+------------------+------------+------------+----------------+


------------
; Flow Log ;
------------
quartus_map --read_settings_files=on --write_settings_files=off LAB6_Part2 -c LAB6_Part2
quartus_fit --read_settings_files=off --write_settings_files=off LAB6_Part2 -c LAB6_Part2
quartus_asm --read_settings_files=off --write_settings_files=off LAB6_Part2 -c LAB6_Part2
quartus_sta LAB6_Part2 -c LAB6_Part2
quartus_eda --gen_testbench --tool=modelsim_oem --format=vhdl --write_settings_files=off LAB6_Part2 -c LAB6_Part2 --vector_source="C:/Users/Garett Bowman/Dropbox/quartus proj/Lab6/Part2/Waveform5.vwf" --testbench_file="C:/Users/Garett Bowman/Dropbox/quartus proj/Lab6/Part2/simulation/qsim/Waveform5.vwf.vht"
quartus_eda --write_settings_files=off --simulation=on --functional=on --flatten_buses=off --tool=modelsim_oem --format=vhdl --output_directory="C:/Users/Garett Bowman/Dropbox/quartus proj/Lab6/Part2/simulation/qsim/" LAB6_Part2 -c LAB6_Part2
quartus_eda --gen_testbench --tool=modelsim_oem --format=vhdl --write_settings_files=off LAB6_Part2 -c LAB6_Part2 --vector_source="C:/Users/Garett Bowman/Dropbox/quartus proj/Lab6/Part2/Waveform5.vwf" --testbench_file="C:/Users/Garett Bowman/Dropbox/quartus proj/Lab6/Part2/simulation/qsim/Waveform5.vwf.vht"
quartus_eda --write_settings_files=off --simulation=on --functional=on --flatten_buses=off --tool=modelsim_oem --format=vhdl --output_directory="C:/Users/Garett Bowman/Dropbox/quartus proj/Lab6/Part2/simulation/qsim/" LAB6_Part2 -c LAB6_Part2
quartus_sh --archive -revision LAB6_Part2 -output "C:/Users/Garett Bowman/Dropbox/quartus proj/Lab6/Part2/LAB6_Part2.qar" LAB6_Part2
quartus_eda --gen_testbench --tool=modelsim_oem --format=vhdl --write_settings_files=off LAB6_Part2 -c LAB6_Part2 --vector_source="C:/Users/Garett Bowman/Dropbox/quartus proj/Lab6/Part2/Waveform5.vwf" --testbench_file="C:/Users/Garett Bowman/Dropbox/quartus proj/Lab6/Part2/simulation/qsim/Waveform5.vwf.vht"
quartus_eda --write_settings_files=off --simulation=on --functional=on --flatten_buses=off --tool=modelsim_oem --format=vhdl --output_directory="C:/Users/Garett Bowman/Dropbox/quartus proj/Lab6/Part2/simulation/qsim/" LAB6_Part2 -c LAB6_Part2



