Restore Archived Project report for Practical1
Thu Jun 17 16:46:27 2021
Quartus Prime Version 19.1.0 Build 670 09/22/2019 SJ Lite Edition


---------------------
; Table of Contents ;
---------------------
  1. Legal Notice
  2. Restore Archived Project Summary
  3. Restore Archived Project Messages
  4. Files Restored
  5. Files Not Restored



----------------
; Legal Notice ;
----------------
Copyright (C) 2019  Intel Corporation. All rights reserved.
Your use of Intel Corporation's design tools, logic functions 
and other software and tools, and any partner logic 
functions, and any output files from any of the foregoing 
(including device programming or simulation files), and any 
associated documentation or information are expressly subject 
to the terms and conditions of the Intel Program License 
Subscription Agreement, the Intel Quartus Prime License Agreement,
the Intel FPGA IP License Agreement, or other applicable license
agreement, including, without limitation, that your use is for
the sole purpose of programming logic devices manufactured by
Intel and sold by Intel or its authorized distributors.  Please
refer to the applicable agreement for further details, at
https://fpgasoftware.intel.com/eula.



+-------------------------------------------------------------------------+
; Restore Archived Project Summary                                        ;
+---------------------------------+---------------------------------------+
; Restore Archived Project Status ; Successful - Thu Jun 17 16:46:27 2021 ;
; Revision Name                   ; Practical1                            ;
; Top-level Entity Name           ; Practical1                            ;
; Family                          ; MAX 10                                ;
+---------------------------------+---------------------------------------+


+-----------------------------------+
; Restore Archived Project Messages ;
+-----------------------------------+
Info: Successfully restored 'C:/Users/Garett Bowman/Desktop/DL/quartus proj/Practical1/Practical1.qar' into the 'C:/Users/Garett Bowman/Desktop/DL/quartus proj/Practical1/Practical1_restored/' directory
Info: Generated report 'Practical1.restore.rpt'
Info (23030): Evaluation of Tcl script c:/intelfpga_lite/19.1/quartus/common/tcl/apps/qpm/qar.tcl was successful
Info: Quartus Prime Shell was successful. 0 errors, 7 warnings
    Info: Peak virtual memory: 4818 megabytes
    Info: Processing ended: Thu Jun 17 16:46:27 2021
    Info: Elapsed time: 00:00:01
    Info: Total CPU time (on all processors): 00:00:01


+----------------+
; Files Restored ;
+----------------+
; File Name      ;
+----------------+


+-------------------------+
; Files Not Restored      ;
+-------------------------+
; File Name               ;
+-------------------------+
; qar_info.json           ;
; Practical1.bdf          ;
; Practical1.qpf          ;
; Practical1.qsf          ;
; Waveform.vwf            ;
; assignment_defaults.qdf ;
+-------------------------+


