Archive Project report for CompCreation
Thu Jul 15 02:15:03 2021
Quartus Prime Version 19.1.0 Build 670 09/22/2019 SJ Lite Edition


---------------------
; Table of Contents ;
---------------------
  1. Legal Notice
  2. Archive Project Summary
  3. Archive Project Messages
  4. Files Archived



----------------
; Legal Notice ;
----------------
Copyright (C) 2019  Intel Corporation. All rights reserved.
Your use of Intel Corporation's design tools, logic functions 
and other software and tools, and any partner logic 
functions, and any output files from any of the foregoing 
(including device programming or simulation files), and any 
associated documentation or information are expressly subject 
to the terms and conditions of the Intel Program License 
Subscription Agreement, the Intel Quartus Prime License Agreement,
the Intel FPGA IP License Agreement, or other applicable license
agreement, including, without limitation, that your use is for
the sole purpose of programming logic devices manufactured by
Intel and sold by Intel or its authorized distributors.  Please
refer to the applicable agreement for further details, at
https://fpgasoftware.intel.com/eula.



+----------------------------------------------------------------+
; Archive Project Summary                                        ;
+------------------------+---------------------------------------+
; Archive Project Status ; Successful - Thu Jul 15 02:15:03 2021 ;
; Revision Name          ; CompCreation                          ;
; Top-level Entity Name  ; Lab5_DFF_Traf_Cont                    ;
; Family                 ; MAX 10                                ;
+------------------------+---------------------------------------+


+--------------------------+
; Archive Project Messages ;
+--------------------------+
Info: File Set 'Source control' contains:
    Info: Project source and settings files
    Info: Automatically detected source files
Warning: Hierarchical Platform Designer systems and custom IP components(_hw.tcl and associated files) are not archived by the Quartus Archiver
Info: Archive will store files relative to the closest common parent directory
Info (13213): Using common directory C:/Users/Garett Bowman/Desktop/DL/quartus proj/Lab5/
Info: ----------------------------------------------------------
Info: ----------------------------------------------------------
Info: Generated archive 'C:/Users/Garett Bowman/Desktop/DL/quartus proj/Lab5/Lab5_DFF_Traff_Cont.qar'
Info: ----------------------------------------------------------
Info: ----------------------------------------------------------
Info: Generated report 'CompCreation.archive.rpt'
Info (23030): Evaluation of Tcl script c:/intelfpga_lite/19.1/quartus/common/tcl/apps/qpm/qar.tcl was successful
Info: Quartus Prime Shell was successful. 0 errors, 1 warning
    Info: Peak virtual memory: 4818 megabytes
    Info: Processing ended: Thu Jul 15 02:15:03 2021
    Info: Elapsed time: 00:00:01
    Info: Total CPU time (on all processors): 00:00:01


+--------------------------------------------------------------+
; Files Archived                                               ;
+--------------------------------------------------------------+
; File Name                                                    ;
+--------------------------------------------------------------+
; c:/intelfpga_lite/19.1/quartus/bin64/assignment_defaults.qdf ;
; CompCreation.qsf                                             ;
; CompCreation.vhd                                             ;
; Lab5_DFF_Traf_Cont.bdf                                       ;
; Lab5_DFF_Traff_Cont.qpf                                      ;
; Waveform.vwf                                                 ;
; Waveform1.vwf                                                ;
+--------------------------------------------------------------+


